{"/Volumes/SSDE/Koscrypt/w-technical-test/backend/src/app.controller.ts": {"path":"/Volumes/SSDE/Koscrypt/w-technical-test/backend/src/app.controller.ts","statementMap":{"0":{"start":{"line":1,"column":0},"end":{"line":1,"column":49}},"1":{"start":{"line":2,"column":0},"end":{"line":2,"column":43}},"2":{"start":{"line":5,"column":7},"end":{"line":12,"column":null}},"3":{"start":{"line":6,"column":31},"end":{"line":6,"column":43}},"4":{"start":{"line":10,"column":4},"end":{"line":10,"column":38}},"5":{"start":{"line":5,"column":13},"end":{"line":5,"column":26}},"6":{"start":{"line":9,"column":2},"end":{"line":11,"column":null}},"7":{"start":{"line":5,"column":13},"end":{"line":12,"column":null}}},"fnMap":{"0":{"name":"(anonymous_2)","decl":{"start":{"line":6,"column":2},"end":{"line":6,"column":31}},"loc":{"start":{"line":6,"column":53},"end":{"line":6,"column":57}}},"1":{"name":"(anonymous_3)","decl":{"start":{"line":9,"column":2},"end":{"line":9,"column":10}},"loc":{"start":{"line":9,"column":10},"end":{"line":11,"column":3}}}},"branchMap":{"0":{"loc":{"start":{"line":6,"column":43},"end":{"line":6,"column":56}},"type":"cond-expr","locations":[{"start":{"line":6,"column":53},"end":{"line":6,"column":56}},{"start":{"line":6,"column":53},"end":{"line":6,"column":56}}]},"1":{"loc":{"start":{"line":6,"column":43},"end":{"line":6,"column":53}},"type":"binary-expr","locations":[{"start":{"line":6,"column":43},"end":{"line":6,"column":56}},{"start":{"line":6,"column":43},"end":{"line":6,"column":53}}]}},"s":{"0":1,"1":1,"2":1,"3":1,"4":1,"5":1,"6":1,"7":1},"f":{"0":1,"1":1},"b":{"0":[1,0],"1":[1,1]}}
,"/Volumes/SSDE/Koscrypt/w-technical-test/backend/src/app.module.ts": {"path":"/Volumes/SSDE/Koscrypt/w-technical-test/backend/src/app.module.ts","statementMap":{"0":{"start":{"line":1,"column":0},"end":{"line":1,"column":40}},"1":{"start":{"line":2,"column":0},"end":{"line":2,"column":52}},"2":{"start":{"line":3,"column":0},"end":{"line":3,"column":49}},"3":{"start":{"line":4,"column":0},"end":{"line":4,"column":43}},"4":{"start":{"line":5,"column":0},"end":{"line":5,"column":46}},"5":{"start":{"line":6,"column":0},"end":{"line":6,"column":51}},"6":{"start":{"line":7,"column":0},"end":{"line":7,"column":63}},"7":{"start":{"line":8,"column":0},"end":{"line":8,"column":78}},"8":{"start":{"line":9,"column":0},"end":{"line":9,"column":59}},"9":{"start":{"line":10,"column":0},"end":{"line":10,"column":71}},"10":{"start":{"line":35,"column":7},"end":{"line":35,"column":null}},"11":{"start":{"line":35,"column":13},"end":{"line":35,"column":22}},"12":{"start":{"line":35,"column":13},"end":{"line":35,"column":null}}},"fnMap":{},"branchMap":{"0":{"loc":{"start":{"line":19,"column":12},"end":{"line":19,"column":46}},"type":"binary-expr","locations":[{"start":{"line":19,"column":12},"end":{"line":19,"column":31}},{"start":{"line":19,"column":35},"end":{"line":19,"column":46}}]},"1":{"loc":{"start":{"line":20,"column":12},"end":{"line":20,"column":59}},"type":"binary-expr","locations":[{"start":{"line":20,"column":12},"end":{"line":20,"column":51}},{"start":{"line":20,"column":55},"end":{"line":20,"column":59}}]},"2":{"loc":{"start":{"line":21,"column":16},"end":{"line":21,"column":53}},"type":"binary-expr","locations":[{"start":{"line":21,"column":16},"end":{"line":21,"column":39}},{"start":{"line":21,"column":43},"end":{"line":21,"column":53}}]},"3":{"loc":{"start":{"line":22,"column":16},"end":{"line":22,"column":53}},"type":"binary-expr","locations":[{"start":{"line":22,"column":16},"end":{"line":22,"column":39}},{"start":{"line":22,"column":43},"end":{"line":22,"column":53}}]},"4":{"loc":{"start":{"line":23,"column":16},"end":{"line":23,"column":51}},"type":"binary-expr","locations":[{"start":{"line":23,"column":16},"end":{"line":23,"column":35}},{"start":{"line":23,"column":39},"end":{"line":23,"column":51}}]}},"s":{"0":0,"1":0,"2":0,"3":0,"4":0,"5":0,"6":0,"7":0,"8":0,"9":0,"10":0,"11":0,"12":0},"f":{},"b":{"0":[0,0],"1":[0,0],"2":[0,0],"3":[0,0],"4":[0,0]}}
,"/Volumes/SSDE/Koscrypt/w-technical-test/backend/src/app.service.ts": {"path":"/Volumes/SSDE/Koscrypt/w-technical-test/backend/src/app.service.ts","statementMap":{"0":{"start":{"line":1,"column":0},"end":{"line":1,"column":44}},"1":{"start":{"line":4,"column":7},"end":{"line":8,"column":null}},"2":{"start":{"line":6,"column":4},"end":{"line":6,"column":26}},"3":{"start":{"line":4,"column":13},"end":{"line":4,"column":23}},"4":{"start":{"line":4,"column":13},"end":{"line":8,"column":null}}},"fnMap":{"0":{"name":"(anonymous_1)","decl":{"start":{"line":5,"column":2},"end":{"line":5,"column":10}},"loc":{"start":{"line":5,"column":10},"end":{"line":7,"column":3}}}},"branchMap":{},"s":{"0":1,"1":1,"2":1,"3":1,"4":1},"f":{"0":1},"b":{}}
,"/Volumes/SSDE/Koscrypt/w-technical-test/backend/src/main.ts": {"path":"/Volumes/SSDE/Koscrypt/w-technical-test/backend/src/main.ts","statementMap":{"0":{"start":{"line":1,"column":0},"end":{"line":1,"column":43}},"1":{"start":{"line":2,"column":0},"end":{"line":2,"column":48}},"2":{"start":{"line":3,"column":0},"end":{"line":3,"column":65}},"3":{"start":{"line":4,"column":0},"end":{"line":4,"column":41}},"4":{"start":{"line":7,"column":14},"end":{"line":7,"column":49}},"5":{"start":{"line":9,"column":2},"end":{"line":18,"column":4}},"6":{"start":{"line":19,"column":17},"end":{"line":46,"column":12}},"7":{"start":{"line":48,"column":19},"end":{"line":48,"column":60}},"8":{"start":{"line":50,"column":2},"end":{"line":60,"column":5}},"9":{"start":{"line":61,"column":2},"end":{"line":61,"column":45}},"10":{"start":{"line":62,"column":2},"end":{"line":62,"column":69}},"11":{"start":{"line":63,"column":2},"end":{"line":63,"column":78}},"12":{"start":{"line":65,"column":0},"end":{"line":65,"column":12}}},"fnMap":{"0":{"name":"bootstrap","decl":{"start":{"line":6,"column":15},"end":{"line":6,"column":24}},"loc":{"start":{"line":6,"column":24},"end":{"line":64,"column":1}}}},"branchMap":{"0":{"loc":{"start":{"line":61,"column":19},"end":{"line":61,"column":43}},"type":"binary-expr","locations":[{"start":{"line":61,"column":19},"end":{"line":61,"column":35}},{"start":{"line":61,"column":39},"end":{"line":61,"column":43}}]}},"s":{"0":0,"1":0,"2":0,"3":0,"4":0,"5":0,"6":0,"7":0,"8":0,"9":0,"10":0,"11":0,"12":0},"f":{"0":0},"b":{"0":[0,0]}}
,"/Volumes/SSDE/Koscrypt/w-technical-test/backend/src/products/product.controller.ts": {"path":"/Volumes/SSDE/Koscrypt/w-technical-test/backend/src/products/product.controller.ts","statementMap":{"0":{"start":{"line":1,"column":0},"end":{"line":1,"column":null}},"1":{"start":{"line":12,"column":0},"end":{"line":12,"column":null}},"2":{"start":{"line":19,"column":0},"end":{"line":19,"column":52}},"3":{"start":{"line":20,"column":0},"end":{"line":20,"column":42}},"4":{"start":{"line":21,"column":0},"end":{"line":21,"column":60}},"5":{"start":{"line":22,"column":0},"end":{"line":22,"column":60}},"6":{"start":{"line":26,"column":7},"end":{"line":99,"column":null}},"7":{"start":{"line":27,"column":31},"end":{"line":27,"column":48}},"8":{"start":{"line":40,"column":4},"end":{"line":40,"column":42}},"9":{"start":{"line":70,"column":4},"end":{"line":70,"column":57}},"10":{"start":{"line":97,"column":4},"end":{"line":97,"column":61}},"11":{"start":{"line":26,"column":13},"end":{"line":26,"column":31}},"12":{"start":{"line":39,"column":2},"end":{"line":41,"column":null}},"13":{"start":{"line":69,"column":2},"end":{"line":71,"column":null}},"14":{"start":{"line":93,"column":2},"end":{"line":98,"column":null}},"15":{"start":{"line":26,"column":13},"end":{"line":99,"column":null}}},"fnMap":{"0":{"name":"(anonymous_4)","decl":{"start":{"line":27,"column":2},"end":{"line":27,"column":31}},"loc":{"start":{"line":27,"column":63},"end":{"line":27,"column":67}}},"1":{"name":"(anonymous_5)","decl":{"start":{"line":39,"column":2},"end":{"line":39,"column":9}},"loc":{"start":{"line":39,"column":9},"end":{"line":41,"column":3}}},"2":{"name":"(anonymous_6)","decl":{"start":{"line":69,"column":2},"end":{"line":69,"column":8}},"loc":{"start":{"line":69,"column":51},"end":{"line":71,"column":3}}},"3":{"name":"(anonymous_7)","decl":{"start":{"line":93,"column":2},"end":{"line":93,"column":8}},"loc":{"start":{"line":95,"column":46},"end":{"line":98,"column":3}}}},"branchMap":{"0":{"loc":{"start":{"line":39,"column":13},"end":{"line":39,"column":null}},"type":"cond-expr","locations":[{"start":{"line":39,"column":20},"end":{"line":39,"column":null}},{"start":{"line":39,"column":20},"end":{"line":39,"column":null}}]},"1":{"loc":{"start":{"line":39,"column":13},"end":{"line":39,"column":20}},"type":"binary-expr","locations":[{"start":{"line":39,"column":13},"end":{"line":39,"column":null}},{"start":{"line":39,"column":13},"end":{"line":39,"column":20}}]},"2":{"loc":{"start":{"line":69,"column":35},"end":{"line":69,"column":54}},"type":"cond-expr","locations":[{"start":{"line":69,"column":51},"end":{"line":69,"column":54}},{"start":{"line":69,"column":51},"end":{"line":69,"column":54}}]},"3":{"loc":{"start":{"line":69,"column":35},"end":{"line":69,"column":51}},"type":"binary-expr","locations":[{"start":{"line":69,"column":35},"end":{"line":69,"column":54}},{"start":{"line":69,"column":35},"end":{"line":69,"column":51}}]},"4":{"loc":{"start":{"line":69,"column":54},"end":{"line":69,"column":null}},"type":"cond-expr","locations":[{"start":{"line":69,"column":61},"end":{"line":69,"column":null}},{"start":{"line":69,"column":61},"end":{"line":69,"column":null}}]},"5":{"loc":{"start":{"line":69,"column":54},"end":{"line":69,"column":61}},"type":"binary-expr","locations":[{"start":{"line":69,"column":54},"end":{"line":69,"column":null}},{"start":{"line":69,"column":54},"end":{"line":69,"column":61}}]},"6":{"loc":{"start":{"line":95,"column":30},"end":{"line":95,"column":null}},"type":"cond-expr","locations":[{"start":{"line":95,"column":46},"end":{"line":95,"column":null}},{"start":{"line":95,"column":46},"end":{"line":95,"column":null}}]},"7":{"loc":{"start":{"line":95,"column":30},"end":{"line":95,"column":46}},"type":"binary-expr","locations":[{"start":{"line":95,"column":30},"end":{"line":95,"column":null}},{"start":{"line":95,"column":30},"end":{"line":95,"column":46}}]},"8":{"loc":{"start":{"line":27,"column":48},"end":{"line":27,"column":66}},"type":"cond-expr","locations":[{"start":{"line":27,"column":63},"end":{"line":27,"column":66}},{"start":{"line":27,"column":63},"end":{"line":27,"column":66}}]},"9":{"loc":{"start":{"line":27,"column":48},"end":{"line":27,"column":63}},"type":"binary-expr","locations":[{"start":{"line":27,"column":48},"end":{"line":27,"column":66}},{"start":{"line":27,"column":48},"end":{"line":27,"column":63}}]}},"s":{"0":1,"1":1,"2":1,"3":1,"4":1,"5":1,"6":1,"7":16,"8":3,"9":3,"10":4,"11":1,"12":1,"13":1,"14":1,"15":1},"f":{"0":16,"1":3,"2":3,"3":4},"b":{"0":[1,0],"1":[1,1],"2":[1,0],"3":[1,1],"4":[1,0],"5":[1,1],"6":[1,0],"7":[1,1],"8":[1,0],"9":[1,1]}}
,"/Volumes/SSDE/Koscrypt/w-technical-test/backend/src/products/product.model.ts": {"path":"/Volumes/SSDE/Koscrypt/w-technical-test/backend/src/products/product.model.ts","statementMap":{"0":{"start":{"line":1,"column":0},"end":{"line":1,"column":null}},"1":{"start":{"line":8,"column":0},"end":{"line":8,"column":46}},"2":{"start":{"line":9,"column":0},"end":{"line":9,"column":79}},"3":{"start":{"line":10,"column":0},"end":{"line":10,"column":64}},"4":{"start":{"line":16,"column":7},"end":{"line":68,"column":null}},"5":{"start":{"line":16,"column":13},"end":{"line":16,"column":20}},"6":{"start":{"line":23,"column":10},"end":{"line":23,"column":null}},"7":{"start":{"line":30,"column":2},"end":{"line":30,"column":null}},"8":{"start":{"line":40,"column":2},"end":{"line":40,"column":null}},"9":{"start":{"line":50,"column":2},"end":{"line":50,"column":null}},"10":{"start":{"line":57,"column":2},"end":{"line":57,"column":null}},"11":{"start":{"line":64,"column":2},"end":{"line":64,"column":null}},"12":{"start":{"line":67,"column":2},"end":{"line":67,"column":null}},"13":{"start":{"line":66,"column":23},"end":{"line":66,"column":34}},"14":{"start":{"line":66,"column":42},"end":{"line":66,"column":60}},"15":{"start":{"line":16,"column":13},"end":{"line":68,"column":null}}},"fnMap":{"0":{"name":"(anonymous_2)","decl":{"start":{"line":66,"column":17},"end":{"line":66,"column":20}},"loc":{"start":{"line":66,"column":23},"end":{"line":66,"column":34}}},"1":{"name":"(anonymous_3)","decl":{"start":{"line":66,"column":36},"end":{"line":66,"column":39}},"loc":{"start":{"line":66,"column":42},"end":{"line":66,"column":60}}}},"branchMap":{},"s":{"0":2,"1":2,"2":2,"3":2,"4":2,"5":2,"6":2,"7":2,"8":2,"9":2,"10":2,"11":2,"12":2,"13":0,"14":0,"15":2},"f":{"0":0,"1":0},"b":{}}
,"/Volumes/SSDE/Koscrypt/w-technical-test/backend/src/products/product.module.ts": {"path":"/Volumes/SSDE/Koscrypt/w-technical-test/backend/src/products/product.module.ts","statementMap":{"0":{"start":{"line":1,"column":0},"end":{"line":1,"column":40}},"1":{"start":{"line":2,"column":0},"end":{"line":2,"column":52}},"2":{"start":{"line":3,"column":0},"end":{"line":3,"column":42}},"3":{"start":{"line":4,"column":0},"end":{"line":4,"column":52}},"4":{"start":{"line":5,"column":0},"end":{"line":5,"column":58}},"5":{"start":{"line":13,"column":7},"end":{"line":13,"column":null}},"6":{"start":{"line":13,"column":13},"end":{"line":13,"column":27}},"7":{"start":{"line":13,"column":13},"end":{"line":13,"column":null}}},"fnMap":{},"branchMap":{},"s":{"0":1,"1":1,"2":1,"3":1,"4":1,"5":1,"6":1,"7":1},"f":{},"b":{}}
,"/Volumes/SSDE/Koscrypt/w-technical-test/backend/src/products/product.service.ts": {"path":"/Volumes/SSDE/Koscrypt/w-technical-test/backend/src/products/product.service.ts","statementMap":{"0":{"start":{"line":1,"column":0},"end":{"line":1,"column":44}},"1":{"start":{"line":2,"column":0},"end":{"line":2,"column":48}},"2":{"start":{"line":3,"column":0},"end":{"line":3,"column":42}},"3":{"start":{"line":6,"column":7},"end":{"line":29,"column":null}},"4":{"start":{"line":9,"column":12},"end":{"line":9,"column":40}},"5":{"start":{"line":13,"column":4},"end":{"line":13,"column":39}},"6":{"start":{"line":17,"column":4},"end":{"line":17,"column":49}},"7":{"start":{"line":24,"column":4},"end":{"line":27,"column":7}},"8":{"start":{"line":6,"column":13},"end":{"line":6,"column":28}},"9":{"start":{"line":6,"column":13},"end":{"line":29,"column":null}}},"fnMap":{"0":{"name":"(anonymous_4)","decl":{"start":{"line":7,"column":2},"end":{"line":7,"column":null}},"loc":{"start":{"line":9,"column":40},"end":{"line":10,"column":6}}},"1":{"name":"(anonymous_5)","decl":{"start":{"line":12,"column":2},"end":{"line":12,"column":7}},"loc":{"start":{"line":12,"column":15},"end":{"line":14,"column":3}}},"2":{"name":"(anonymous_6)","decl":{"start":{"line":16,"column":2},"end":{"line":16,"column":7}},"loc":{"start":{"line":16,"column":44},"end":{"line":18,"column":3}}},"3":{"name":"(anonymous_7)","decl":{"start":{"line":20,"column":2},"end":{"line":20,"column":7}},"loc":{"start":{"line":22,"column":33},"end":{"line":28,"column":3}}}},"branchMap":{},"s":{"0":1,"1":1,"2":1,"3":1,"4":13,"5":2,"6":2,"7":3,"8":1,"9":1},"f":{"0":13,"1":2,"2":2,"3":3},"b":{}}
,"/Volumes/SSDE/Koscrypt/w-technical-test/backend/src/products/dto/create-product.dto.ts": {"path":"/Volumes/SSDE/Koscrypt/w-technical-test/backend/src/products/dto/create-product.dto.ts","statementMap":{"0":{"start":{"line":1,"column":0},"end":{"line":1,"column":null}},"1":{"start":{"line":9,"column":0},"end":{"line":9,"column":46}},"2":{"start":{"line":10,"column":0},"end":{"line":10,"column":46}},"3":{"start":{"line":12,"column":0},"end":{"line":12,"column":13}},"4":{"start":{"line":22,"column":2},"end":{"line":22,"column":null}},"5":{"start":{"line":21,"column":28},"end":{"line":21,"column":41}},"6":{"start":{"line":34,"column":2},"end":{"line":34,"column":null}},"7":{"start":{"line":33,"column":28},"end":{"line":33,"column":55}},"8":{"start":{"line":46,"column":2},"end":{"line":46,"column":null}},"9":{"start":{"line":45,"column":28},"end":{"line":45,"column":41}},"10":{"start":{"line":56,"column":2},"end":{"line":56,"column":null}},"11":{"start":{"line":66,"column":2},"end":{"line":66,"column":null}}},"fnMap":{"0":{"name":"(anonymous_2)","decl":{"start":{"line":21,"column":13},"end":{"line":21,"column":14}},"loc":{"start":{"line":21,"column":28},"end":{"line":21,"column":41}}},"1":{"name":"(anonymous_3)","decl":{"start":{"line":33,"column":13},"end":{"line":33,"column":14}},"loc":{"start":{"line":33,"column":28},"end":{"line":33,"column":55}}},"2":{"name":"(anonymous_4)","decl":{"start":{"line":45,"column":13},"end":{"line":45,"column":14}},"loc":{"start":{"line":45,"column":28},"end":{"line":45,"column":41}}}},"branchMap":{},"s":{"0":1,"1":1,"2":1,"3":1,"4":1,"5":0,"6":1,"7":0,"8":1,"9":0,"10":1,"11":1},"f":{"0":0,"1":0,"2":0},"b":{}}
,"/Volumes/SSDE/Koscrypt/w-technical-test/backend/src/products/dto/update-product.dto.ts": {"path":"/Volumes/SSDE/Koscrypt/w-technical-test/backend/src/products/dto/update-product.dto.ts","statementMap":{"0":{"start":{"line":1,"column":0},"end":{"line":1,"column":46}},"1":{"start":{"line":2,"column":0},"end":{"line":2,"column":56}},"2":{"start":{"line":4,"column":0},"end":{"line":4,"column":13}}},"fnMap":{},"branchMap":{},"s":{"0":1,"1":1,"2":1},"f":{},"b":{}}
,"/Volumes/SSDE/Koscrypt/w-technical-test/backend/src/transactions/payment.service.ts": {"path":"/Volumes/SSDE/Koscrypt/w-technical-test/backend/src/transactions/payment.service.ts","statementMap":{"0":{"start":{"line":1,"column":0},"end":{"line":1,"column":44}},"1":{"start":{"line":3,"column":0},"end":{"line":3,"column":44}},"2":{"start":{"line":4,"column":0},"end":{"line":4,"column":50}},"3":{"start":{"line":5,"column":0},"end":{"line":5,"column":37}},"4":{"start":{"line":8,"column":0},"end":{"line":8,"column":28}},"5":{"start":{"line":11,"column":7},"end":{"line":98,"column":null}},"6":{"start":{"line":12,"column":31},"end":{"line":12,"column":44}},"7":{"start":{"line":15,"column":23},"end":{"line":15,"column":45}},"8":{"start":{"line":16,"column":28},"end":{"line":16,"column":55}},"9":{"start":{"line":18,"column":20},"end":{"line":21,"column":6}},"10":{"start":{"line":23,"column":4},"end":{"line":27,"column":46}},"11":{"start":{"line":27,"column":30},"end":{"line":27,"column":43}},"12":{"start":{"line":33,"column":23},"end":{"line":33,"column":45}},"13":{"start":{"line":34,"column":28},"end":{"line":34,"column":55}},"14":{"start":{"line":36,"column":25},"end":{"line":39,"column":null}},"15":{"start":{"line":39,"column":32},"end":{"line":39,"column":45}},"16":{"start":{"line":42,"column":23},"end":{"line":44,"column":6}},"17":{"start":{"line":46,"column":4},"end":{"line":46,"column":22}},"18":{"start":{"line":50,"column":29},"end":{"line":50,"column":57}},"19":{"start":{"line":51,"column":23},"end":{"line":51,"column":45}},"20":{"start":{"line":52,"column":28},"end":{"line":52,"column":55}},"21":{"start":{"line":55,"column":6},"end":{"line":55,"column":23}},"22":{"start":{"line":57,"column":17},"end":{"line":57,"column":54}},"23":{"start":{"line":58,"column":22},"end":{"line":58,"column":76}},"24":{"start":{"line":59,"column":20},"end":{"line":62,"column":6}},"25":{"start":{"line":63,"column":20},"end":{"line":75,"column":6}},"26":{"start":{"line":76,"column":4},"end":{"line":80,"column":6}},"27":{"start":{"line":79,"column":32},"end":{"line":79,"column":45}},"28":{"start":{"line":84,"column":23},"end":{"line":84,"column":45}},"29":{"start":{"line":85,"column":28},"end":{"line":85,"column":55}},"30":{"start":{"line":87,"column":20},"end":{"line":90,"column":6}},"31":{"start":{"line":92,"column":4},"end":{"line":96,"column":6}},"32":{"start":{"line":95,"column":32},"end":{"line":95,"column":45}},"33":{"start":{"line":11,"column":13},"end":{"line":11,"column":27}},"34":{"start":{"line":11,"column":13},"end":{"line":98,"column":null}}},"fnMap":{"0":{"name":"(anonymous_3)","decl":{"start":{"line":12,"column":2},"end":{"line":12,"column":31}},"loc":{"start":{"line":12,"column":55},"end":{"line":12,"column":59}}},"1":{"name":"(anonymous_4)","decl":{"start":{"line":14,"column":2},"end":{"line":14,"column":14}},"loc":{"start":{"line":14,"column":43},"end":{"line":28,"column":3}}},"2":{"name":"(anonymous_5)","decl":{"start":{"line":27,"column":16},"end":{"line":27,"column":17}},"loc":{"start":{"line":27,"column":30},"end":{"line":27,"column":43}}},"3":{"name":"(anonymous_6)","decl":{"start":{"line":30,"column":2},"end":{"line":30,"column":7}},"loc":{"start":{"line":30,"column":31},"end":{"line":47,"column":3}}},"4":{"name":"(anonymous_7)","decl":{"start":{"line":39,"column":18},"end":{"line":39,"column":19}},"loc":{"start":{"line":39,"column":32},"end":{"line":39,"column":45}}},"5":{"name":"(anonymous_8)","decl":{"start":{"line":49,"column":2},"end":{"line":49,"column":7}},"loc":{"start":{"line":49,"column":62},"end":{"line":81,"column":3}}},"6":{"name":"(anonymous_9)","decl":{"start":{"line":79,"column":18},"end":{"line":79,"column":19}},"loc":{"start":{"line":79,"column":32},"end":{"line":79,"column":45}}},"7":{"name":"(anonymous_10)","decl":{"start":{"line":83,"column":2},"end":{"line":83,"column":7}},"loc":{"start":{"line":83,"column":38},"end":{"line":97,"column":3}}},"8":{"name":"(anonymous_11)","decl":{"start":{"line":95,"column":18},"end":{"line":95,"column":19}},"loc":{"start":{"line":95,"column":32},"end":{"line":95,"column":45}}}},"branchMap":{"0":{"loc":{"start":{"line":12,"column":44},"end":{"line":12,"column":58}},"type":"cond-expr","locations":[{"start":{"line":12,"column":55},"end":{"line":12,"column":58}},{"start":{"line":12,"column":55},"end":{"line":12,"column":58}}]},"1":{"loc":{"start":{"line":12,"column":44},"end":{"line":12,"column":55}},"type":"binary-expr","locations":[{"start":{"line":12,"column":44},"end":{"line":12,"column":58}},{"start":{"line":12,"column":44},"end":{"line":12,"column":55}}]}},"s":{"0":2,"1":2,"2":2,"3":2,"4":2,"5":2,"6":6,"7":2,"8":2,"9":2,"10":2,"11":1,"12":1,"13":1,"14":1,"15":1,"16":1,"17":1,"18":1,"19":1,"20":1,"21":1,"22":1,"23":1,"24":1,"25":1,"26":1,"27":1,"28":1,"29":1,"30":1,"31":1,"32":1,"33":2,"34":2},"f":{"0":6,"1":2,"2":1,"3":1,"4":1,"5":1,"6":1,"7":1,"8":1},"b":{"0":[2,0],"1":[2,2]}}
,"/Volumes/SSDE/Koscrypt/w-technical-test/backend/src/transactions/transaction-product.model.ts": {"path":"/Volumes/SSDE/Koscrypt/w-technical-test/backend/src/transactions/transaction-product.model.ts","statementMap":{"0":{"start":{"line":1,"column":0},"end":{"line":1,"column":null}},"1":{"start":{"line":8,"column":0},"end":{"line":8,"column":50}},"2":{"start":{"line":9,"column":0},"end":{"line":9,"column":52}},"3":{"start":{"line":15,"column":7},"end":{"line":35,"column":null}},"4":{"start":{"line":15,"column":13},"end":{"line":15,"column":31}},"5":{"start":{"line":21,"column":2},"end":{"line":21,"column":null}},"6":{"start":{"line":16,"column":20},"end":{"line":16,"column":31}},"7":{"start":{"line":28,"column":2},"end":{"line":28,"column":null}},"8":{"start":{"line":23,"column":20},"end":{"line":23,"column":27}},"9":{"start":{"line":34,"column":2},"end":{"line":34,"column":null}},"10":{"start":{"line":15,"column":13},"end":{"line":35,"column":null}}},"fnMap":{"0":{"name":"(anonymous_2)","decl":{"start":{"line":16,"column":14},"end":{"line":16,"column":17}},"loc":{"start":{"line":16,"column":20},"end":{"line":16,"column":31}}},"1":{"name":"(anonymous_3)","decl":{"start":{"line":23,"column":14},"end":{"line":23,"column":17}},"loc":{"start":{"line":23,"column":20},"end":{"line":23,"column":27}}}},"branchMap":{},"s":{"0":2,"1":2,"2":2,"3":2,"4":2,"5":2,"6":0,"7":2,"8":0,"9":2,"10":2},"f":{"0":0,"1":0},"b":{}}
,"/Volumes/SSDE/Koscrypt/w-technical-test/backend/src/transactions/transaction.controller.ts": {"path":"/Volumes/SSDE/Koscrypt/w-technical-test/backend/src/transactions/transaction.controller.ts","statementMap":{"0":{"start":{"line":1,"column":0},"end":{"line":1,"column":null}},"1":{"start":{"line":12,"column":0},"end":{"line":12,"column":null}},"2":{"start":{"line":19,"column":0},"end":{"line":19,"column":60}},"3":{"start":{"line":20,"column":0},"end":{"line":20,"column":51}},"4":{"start":{"line":21,"column":0},"end":{"line":21,"column":50}},"5":{"start":{"line":22,"column":0},"end":{"line":22,"column":68}},"6":{"start":{"line":23,"column":0},"end":{"line":23,"column":66}},"7":{"start":{"line":25,"column":0},"end":{"line":25,"column":34}},"8":{"start":{"line":29,"column":7},"end":{"line":264,"column":null}},"9":{"start":{"line":31,"column":21},"end":{"line":31,"column":42}},"10":{"start":{"line":32,"column":21},"end":{"line":32,"column":37}},"11":{"start":{"line":47,"column":4},"end":{"line":47,"column":46}},"12":{"start":{"line":76,"column":4},"end":{"line":76,"column":63}},"13":{"start":{"line":99,"column":4},"end":{"line":99,"column":48}},"14":{"start":{"line":155,"column":4},"end":{"line":155,"column":65}},"15":{"start":{"line":181,"column":4},"end":{"line":181,"column":47}},"16":{"start":{"line":262,"column":4},"end":{"line":262,"column":65}},"17":{"start":{"line":29,"column":13},"end":{"line":29,"column":35}},"18":{"start":{"line":46,"column":2},"end":{"line":48,"column":null}},"19":{"start":{"line":73,"column":8},"end":{"line":77,"column":null}},"20":{"start":{"line":98,"column":2},"end":{"line":100,"column":null}},"21":{"start":{"line":152,"column":2},"end":{"line":156,"column":null}},"22":{"start":{"line":180,"column":2},"end":{"line":182,"column":null}},"23":{"start":{"line":259,"column":2},"end":{"line":263,"column":null}},"24":{"start":{"line":29,"column":13},"end":{"line":264,"column":null}}},"fnMap":{"0":{"name":"(anonymous_4)","decl":{"start":{"line":30,"column":2},"end":{"line":30,"column":null}},"loc":{"start":{"line":32,"column":51},"end":{"line":33,"column":6}}},"1":{"name":"(anonymous_5)","decl":{"start":{"line":46,"column":2},"end":{"line":46,"column":9}},"loc":{"start":{"line":46,"column":9},"end":{"line":48,"column":3}}},"2":{"name":"(anonymous_6)","decl":{"start":{"line":73,"column":8},"end":{"line":73,"column":31}},"loc":{"start":{"line":73,"column":31},"end":{"line":77,"column":3}}},"3":{"name":"(anonymous_7)","decl":{"start":{"line":98,"column":2},"end":{"line":98,"column":9}},"loc":{"start":{"line":98,"column":48},"end":{"line":100,"column":3}}},"4":{"name":"(anonymous_8)","decl":{"start":{"line":152,"column":2},"end":{"line":152,"column":8}},"loc":{"start":{"line":153,"column":54},"end":{"line":156,"column":3}}},"5":{"name":"(anonymous_9)","decl":{"start":{"line":180,"column":2},"end":{"line":180,"column":8}},"loc":{"start":{"line":180,"column":47},"end":{"line":182,"column":3}}},"6":{"name":"(anonymous_10)","decl":{"start":{"line":259,"column":2},"end":{"line":259,"column":14}},"loc":{"start":{"line":260,"column":52},"end":{"line":263,"column":3}}}},"branchMap":{"0":{"loc":{"start":{"line":46,"column":13},"end":{"line":46,"column":null}},"type":"cond-expr","locations":[{"start":{"line":46,"column":20},"end":{"line":46,"column":null}},{"start":{"line":46,"column":20},"end":{"line":46,"column":null}}]},"1":{"loc":{"start":{"line":46,"column":13},"end":{"line":46,"column":20}},"type":"binary-expr","locations":[{"start":{"line":46,"column":13},"end":{"line":46,"column":null}},{"start":{"line":46,"column":13},"end":{"line":46,"column":20}}]},"2":{"loc":{"start":{"line":73,"column":35},"end":{"line":73,"column":null}},"type":"cond-expr","locations":[{"start":{"line":73,"column":42},"end":{"line":73,"column":null}},{"start":{"line":73,"column":42},"end":{"line":73,"column":null}}]},"3":{"loc":{"start":{"line":73,"column":35},"end":{"line":73,"column":42}},"type":"binary-expr","locations":[{"start":{"line":73,"column":35},"end":{"line":73,"column":null}},{"start":{"line":73,"column":35},"end":{"line":73,"column":42}}]},"4":{"loc":{"start":{"line":98,"column":51},"end":{"line":98,"column":null}},"type":"cond-expr","locations":[{"start":{"line":98,"column":58},"end":{"line":98,"column":null}},{"start":{"line":98,"column":58},"end":{"line":98,"column":null}}]},"5":{"loc":{"start":{"line":98,"column":51},"end":{"line":98,"column":58}},"type":"binary-expr","locations":[{"start":{"line":98,"column":51},"end":{"line":98,"column":null}},{"start":{"line":98,"column":51},"end":{"line":98,"column":58}}]},"6":{"loc":{"start":{"line":153,"column":34},"end":{"line":153,"column":null}},"type":"cond-expr","locations":[{"start":{"line":153,"column":54},"end":{"line":153,"column":null}},{"start":{"line":153,"column":54},"end":{"line":153,"column":null}}]},"7":{"loc":{"start":{"line":153,"column":34},"end":{"line":153,"column":54}},"type":"binary-expr","locations":[{"start":{"line":153,"column":34},"end":{"line":153,"column":null}},{"start":{"line":153,"column":34},"end":{"line":153,"column":54}}]},"8":{"loc":{"start":{"line":154,"column":5},"end":{"line":154,"column":null}},"type":"cond-expr","locations":[{"start":{"line":154,"column":12},"end":{"line":154,"column":null}},{"start":{"line":154,"column":12},"end":{"line":154,"column":null}}]},"9":{"loc":{"start":{"line":154,"column":5},"end":{"line":154,"column":12}},"type":"binary-expr","locations":[{"start":{"line":154,"column":5},"end":{"line":154,"column":null}},{"start":{"line":154,"column":5},"end":{"line":154,"column":12}}]},"10":{"loc":{"start":{"line":260,"column":33},"end":{"line":260,"column":null}},"type":"cond-expr","locations":[{"start":{"line":260,"column":52},"end":{"line":260,"column":null}},{"start":{"line":260,"column":52},"end":{"line":260,"column":null}}]},"11":{"loc":{"start":{"line":260,"column":33},"end":{"line":260,"column":52}},"type":"binary-expr","locations":[{"start":{"line":260,"column":33},"end":{"line":260,"column":null}},{"start":{"line":260,"column":33},"end":{"line":260,"column":52}}]},"12":{"loc":{"start":{"line":261,"column":5},"end":{"line":261,"column":null}},"type":"cond-expr","locations":[{"start":{"line":261,"column":15},"end":{"line":261,"column":null}},{"start":{"line":261,"column":15},"end":{"line":261,"column":null}}]},"13":{"loc":{"start":{"line":261,"column":5},"end":{"line":261,"column":15}},"type":"binary-expr","locations":[{"start":{"line":261,"column":5},"end":{"line":261,"column":null}},{"start":{"line":261,"column":5},"end":{"line":261,"column":15}}]},"14":{"loc":{"start":{"line":31,"column":42},"end":{"line":31,"column":null}},"type":"cond-expr","locations":[{"start":{"line":31,"column":61},"end":{"line":31,"column":null}},{"start":{"line":31,"column":61},"end":{"line":31,"column":null}}]},"15":{"loc":{"start":{"line":31,"column":42},"end":{"line":31,"column":61}},"type":"binary-expr","locations":[{"start":{"line":31,"column":42},"end":{"line":31,"column":null}},{"start":{"line":31,"column":42},"end":{"line":31,"column":61}}]},"16":{"loc":{"start":{"line":31,"column":61},"end":{"line":32,"column":null}},"type":"cond-expr","locations":[{"start":{"line":32,"column":51},"end":{"line":32,"column":null}},{"start":{"line":32,"column":51},"end":{"line":32,"column":null}}]},"17":{"loc":{"start":{"line":31,"column":61},"end":{"line":32,"column":51}},"type":"binary-expr","locations":[{"start":{"line":31,"column":61},"end":{"line":32,"column":null}},{"start":{"line":32,"column":37},"end":{"line":32,"column":51}}]}},"s":{"0":1,"1":1,"2":1,"3":1,"4":1,"5":1,"6":1,"7":1,"8":1,"9":13,"10":13,"11":2,"12":2,"13":2,"14":2,"15":2,"16":2,"17":1,"18":1,"19":1,"20":1,"21":1,"22":1,"23":1,"24":1},"f":{"0":13,"1":2,"2":2,"3":2,"4":2,"5":2,"6":2},"b":{"0":[1,0],"1":[1,1],"2":[1,0],"3":[1,1],"4":[1,0],"5":[1,1],"6":[1,0],"7":[1,1],"8":[1,0],"9":[1,1],"10":[1,0],"11":[1,1],"12":[1,0],"13":[1,1],"14":[1,0],"15":[1,1],"16":[1,0],"17":[1,1]}}
,"/Volumes/SSDE/Koscrypt/w-technical-test/backend/src/transactions/transaction.model.ts": {"path":"/Volumes/SSDE/Koscrypt/w-technical-test/backend/src/transactions/transaction.model.ts","statementMap":{"0":{"start":{"line":1,"column":0},"end":{"line":1,"column":null}},"1":{"start":{"line":8,"column":0},"end":{"line":8,"column":46}},"2":{"start":{"line":9,"column":0},"end":{"line":9,"column":52}},"3":{"start":{"line":10,"column":0},"end":{"line":10,"column":65}},"4":{"start":{"line":11,"column":0},"end":{"line":11,"column":35}},"5":{"start":{"line":17,"column":7},"end":{"line":101,"column":null}},"6":{"start":{"line":17,"column":13},"end":{"line":17,"column":24}},"7":{"start":{"line":27,"column":10},"end":{"line":27,"column":null}},"8":{"start":{"line":57,"column":2},"end":{"line":57,"column":null}},"9":{"start":{"line":67,"column":2},"end":{"line":67,"column":null}},"10":{"start":{"line":77,"column":2},"end":{"line":77,"column":null}},"11":{"start":{"line":87,"column":2},"end":{"line":87,"column":null}},"12":{"start":{"line":97,"column":2},"end":{"line":97,"column":null}},"13":{"start":{"line":100,"column":2},"end":{"line":100,"column":null}},"14":{"start":{"line":99,"column":23},"end":{"line":99,"column":30}},"15":{"start":{"line":99,"column":38},"end":{"line":99,"column":56}},"16":{"start":{"line":17,"column":13},"end":{"line":101,"column":null}}},"fnMap":{"0":{"name":"(anonymous_2)","decl":{"start":{"line":99,"column":17},"end":{"line":99,"column":20}},"loc":{"start":{"line":99,"column":23},"end":{"line":99,"column":30}}},"1":{"name":"(anonymous_3)","decl":{"start":{"line":99,"column":32},"end":{"line":99,"column":35}},"loc":{"start":{"line":99,"column":38},"end":{"line":99,"column":56}}}},"branchMap":{"0":{"loc":{"start":{"line":67,"column":19},"end":{"line":67,"column":24}},"type":"cond-expr","locations":[{"start":{"line":67,"column":23},"end":{"line":67,"column":24}},{"start":{"line":67,"column":23},"end":{"line":67,"column":24}}]},"1":{"loc":{"start":{"line":67,"column":19},"end":{"line":67,"column":23}},"type":"binary-expr","locations":[{"start":{"line":67,"column":19},"end":{"line":67,"column":24}},{"start":{"line":67,"column":19},"end":{"line":67,"column":23}}]}},"s":{"0":2,"1":2,"2":2,"3":2,"4":2,"5":2,"6":2,"7":2,"8":2,"9":2,"10":2,"11":2,"12":2,"13":2,"14":0,"15":0,"16":2},"f":{"0":0,"1":0},"b":{"0":[2,0],"1":[2,2]}}
,"/Volumes/SSDE/Koscrypt/w-technical-test/backend/src/transactions/transaction.module.ts": {"path":"/Volumes/SSDE/Koscrypt/w-technical-test/backend/src/transactions/transaction.module.ts","statementMap":{"0":{"start":{"line":1,"column":0},"end":{"line":1,"column":40}},"1":{"start":{"line":2,"column":0},"end":{"line":2,"column":43}},"2":{"start":{"line":3,"column":0},"end":{"line":3,"column":52}},"3":{"start":{"line":4,"column":0},"end":{"line":4,"column":50}},"4":{"start":{"line":5,"column":0},"end":{"line":5,"column":65}},"5":{"start":{"line":6,"column":0},"end":{"line":6,"column":52}},"6":{"start":{"line":7,"column":0},"end":{"line":7,"column":60}},"7":{"start":{"line":8,"column":0},"end":{"line":8,"column":66}},"8":{"start":{"line":9,"column":0},"end":{"line":9,"column":51}},"9":{"start":{"line":20,"column":7},"end":{"line":20,"column":null}},"10":{"start":{"line":20,"column":13},"end":{"line":20,"column":31}},"11":{"start":{"line":20,"column":13},"end":{"line":20,"column":null}}},"fnMap":{},"branchMap":{},"s":{"0":0,"1":0,"2":0,"3":0,"4":0,"5":0,"6":0,"7":0,"8":0,"9":0,"10":0,"11":0},"f":{},"b":{}}
,"/Volumes/SSDE/Koscrypt/w-technical-test/backend/src/transactions/transaction.service.ts": {"path":"/Volumes/SSDE/Koscrypt/w-technical-test/backend/src/transactions/transaction.service.ts","statementMap":{"0":{"start":{"line":1,"column":0},"end":{"line":1,"column":44}},"1":{"start":{"line":2,"column":0},"end":{"line":2,"column":48}},"2":{"start":{"line":3,"column":0},"end":{"line":3,"column":50}},"3":{"start":{"line":4,"column":0},"end":{"line":4,"column":65}},"4":{"start":{"line":5,"column":0},"end":{"line":5,"column":52}},"5":{"start":{"line":7,"column":0},"end":{"line":7,"column":59}},"6":{"start":{"line":8,"column":0},"end":{"line":8,"column":51}},"7":{"start":{"line":11,"column":7},"end":{"line":150,"column":null}},"8":{"start":{"line":14,"column":12},"end":{"line":14,"column":48}},"9":{"start":{"line":16,"column":12},"end":{"line":16,"column":62}},"10":{"start":{"line":18,"column":12},"end":{"line":18,"column":40}},"11":{"start":{"line":19,"column":21},"end":{"line":19,"column":37}},"12":{"start":{"line":23,"column":4},"end":{"line":30,"column":7}},"13":{"start":{"line":34,"column":24},"end":{"line":41,"column":6}},"14":{"start":{"line":42,"column":4},"end":{"line":47,"column":5}},"15":{"start":{"line":43,"column":6},"end":{"line":46,"column":8}},"16":{"start":{"line":48,"column":4},"end":{"line":48,"column":23}},"17":{"start":{"line":54,"column":16},"end":{"line":54,"column":17}},"18":{"start":{"line":58,"column":9},"end":{"line":58,"column":11}},"19":{"start":{"line":60,"column":4},"end":{"line":82,"column":5}},"20":{"start":{"line":61,"column":22},"end":{"line":61,"column":70}},"21":{"start":{"line":62,"column":6},"end":{"line":67,"column":7}},"22":{"start":{"line":63,"column":8},"end":{"line":66,"column":10}},"23":{"start":{"line":68,"column":6},"end":{"line":73,"column":7}},"24":{"start":{"line":69,"column":8},"end":{"line":72,"column":10}},"25":{"start":{"line":75,"column":23},"end":{"line":75,"column":73}},"26":{"start":{"line":76,"column":6},"end":{"line":76,"column":24}},"27":{"start":{"line":78,"column":6},"end":{"line":81,"column":9}},"28":{"start":{"line":83,"column":24},"end":{"line":86,"column":6}},"29":{"start":{"line":88,"column":4},"end":{"line":93,"column":5}},"30":{"start":{"line":89,"column":6},"end":{"line":92,"column":9}},"31":{"start":{"line":94,"column":31},"end":{"line":94,"column":60}},"32":{"start":{"line":96,"column":21},"end":{"line":99,"column":6}},"33":{"start":{"line":101,"column":4},"end":{"line":107,"column":6}},"34":{"start":{"line":109,"column":4},"end":{"line":109,"column":16}},"35":{"start":{"line":113,"column":24},"end":{"line":120,"column":6}},"36":{"start":{"line":122,"column":21},"end":{"line":123,"column":null}},"37":{"start":{"line":125,"column":4},"end":{"line":127,"column":5}},"38":{"start":{"line":126,"column":6},"end":{"line":126,"column":63}},"39":{"start":{"line":129,"column":4},"end":{"line":141,"column":5}},"40":{"start":{"line":130,"column":26},"end":{"line":130,"column":74}},"41":{"start":{"line":131,"column":6},"end":{"line":136,"column":7}},"42":{"start":{"line":132,"column":8},"end":{"line":135,"column":10}},"43":{"start":{"line":137,"column":6},"end":{"line":140,"column":8}},"44":{"start":{"line":143,"column":4},"end":{"line":146,"column":6}},"45":{"start":{"line":148,"column":4},"end":{"line":148,"column":52}},"46":{"start":{"line":11,"column":13},"end":{"line":11,"column":32}},"47":{"start":{"line":11,"column":13},"end":{"line":150,"column":null}}},"fnMap":{"0":{"name":"(anonymous_4)","decl":{"start":{"line":12,"column":2},"end":{"line":12,"column":null}},"loc":{"start":{"line":19,"column":51},"end":{"line":20,"column":6}}},"1":{"name":"(anonymous_5)","decl":{"start":{"line":22,"column":2},"end":{"line":22,"column":7}},"loc":{"start":{"line":22,"column":15},"end":{"line":31,"column":3}}},"2":{"name":"(anonymous_6)","decl":{"start":{"line":33,"column":2},"end":{"line":33,"column":7}},"loc":{"start":{"line":33,"column":26},"end":{"line":49,"column":3}}},"3":{"name":"(anonymous_7)","decl":{"start":{"line":51,"column":2},"end":{"line":51,"column":7}},"loc":{"start":{"line":52,"column":46},"end":{"line":110,"column":3}}},"4":{"name":"(anonymous_8)","decl":{"start":{"line":112,"column":2},"end":{"line":112,"column":7}},"loc":{"start":{"line":112,"column":25},"end":{"line":149,"column":3}}}},"branchMap":{"0":{"loc":{"start":{"line":42,"column":4},"end":{"line":47,"column":5}},"type":"if","locations":[{"start":{"line":42,"column":4},"end":{"line":47,"column":5}},{"start":{},"end":{}}]},"1":{"loc":{"start":{"line":62,"column":6},"end":{"line":67,"column":7}},"type":"if","locations":[{"start":{"line":62,"column":6},"end":{"line":67,"column":7}},{"start":{},"end":{}}]},"2":{"loc":{"start":{"line":68,"column":6},"end":{"line":73,"column":7}},"type":"if","locations":[{"start":{"line":68,"column":6},"end":{"line":73,"column":7}},{"start":{},"end":{}}]},"3":{"loc":{"start":{"line":125,"column":4},"end":{"line":127,"column":5}},"type":"if","locations":[{"start":{"line":125,"column":4},"end":{"line":127,"column":5}},{"start":{},"end":{}}]},"4":{"loc":{"start":{"line":131,"column":6},"end":{"line":136,"column":7}},"type":"if","locations":[{"start":{"line":131,"column":6},"end":{"line":136,"column":7}},{"start":{},"end":{}}]},"5":{"loc":{"start":{"line":19,"column":37},"end":{"line":19,"column":null}},"type":"cond-expr","locations":[{"start":{"line":19,"column":51},"end":{"line":19,"column":null}},{"start":{"line":19,"column":51},"end":{"line":19,"column":null}}]},"6":{"loc":{"start":{"line":19,"column":37},"end":{"line":19,"column":51}},"type":"binary-expr","locations":[{"start":{"line":19,"column":37},"end":{"line":19,"column":null}},{"start":{"line":19,"column":37},"end":{"line":19,"column":51}}]}},"s":{"0":1,"1":1,"2":1,"3":1,"4":1,"5":1,"6":1,"7":1,"8":13,"9":13,"10":13,"11":13,"12":2,"13":2,"14":2,"15":1,"16":1,"17":4,"18":4,"19":4,"20":6,"21":6,"22":1,"23":5,"24":1,"25":4,"26":4,"27":4,"28":2,"29":2,"30":4,"31":2,"32":2,"33":2,"34":2,"35":4,"36":4,"37":4,"38":1,"39":3,"40":4,"41":4,"42":1,"43":3,"44":2,"45":2,"46":1,"47":1},"f":{"0":13,"1":2,"2":2,"3":4,"4":4},"b":{"0":[1,1],"1":[1,5],"2":[1,4],"3":[1,3],"4":[1,3],"5":[1,0],"6":[1,1]}}
,"/Volumes/SSDE/Koscrypt/w-technical-test/backend/src/transactions/dto/card-tokenization.dto.ts": {"path":"/Volumes/SSDE/Koscrypt/w-technical-test/backend/src/transactions/dto/card-tokenization.dto.ts","statementMap":{"0":{"start":{"line":1,"column":0},"end":{"line":1,"column":null}},"1":{"start":{"line":8,"column":0},"end":{"line":8,"column":46}},"2":{"start":{"line":9,"column":0},"end":{"line":9,"column":46}},"3":{"start":{"line":10,"column":0},"end":{"line":10,"column":null}},"4":{"start":{"line":19,"column":0},"end":{"line":19,"column":13}},"5":{"start":{"line":31,"column":2},"end":{"line":31,"column":null}},"6":{"start":{"line":28,"column":28},"end":{"line":28,"column":56}},"7":{"start":{"line":43,"column":2},"end":{"line":43,"column":null}},"8":{"start":{"line":42,"column":28},"end":{"line":42,"column":41}},"9":{"start":{"line":57,"column":2},"end":{"line":57,"column":null}},"10":{"start":{"line":56,"column":28},"end":{"line":56,"column":51}},"11":{"start":{"line":75,"column":2},"end":{"line":75,"column":null}},"12":{"start":{"line":74,"column":28},"end":{"line":74,"column":41}},"13":{"start":{"line":87,"column":2},"end":{"line":87,"column":null}},"14":{"start":{"line":86,"column":28},"end":{"line":86,"column":55}}},"fnMap":{"0":{"name":"(anonymous_2)","decl":{"start":{"line":28,"column":13},"end":{"line":28,"column":14}},"loc":{"start":{"line":28,"column":28},"end":{"line":28,"column":56}}},"1":{"name":"(anonymous_3)","decl":{"start":{"line":42,"column":13},"end":{"line":42,"column":14}},"loc":{"start":{"line":42,"column":28},"end":{"line":42,"column":41}}},"2":{"name":"(anonymous_4)","decl":{"start":{"line":56,"column":13},"end":{"line":56,"column":14}},"loc":{"start":{"line":56,"column":28},"end":{"line":56,"column":51}}},"3":{"name":"(anonymous_5)","decl":{"start":{"line":74,"column":13},"end":{"line":74,"column":14}},"loc":{"start":{"line":74,"column":28},"end":{"line":74,"column":41}}},"4":{"name":"(anonymous_6)","decl":{"start":{"line":86,"column":13},"end":{"line":86,"column":14}},"loc":{"start":{"line":86,"column":28},"end":{"line":86,"column":55}}}},"branchMap":{},"s":{"0":1,"1":1,"2":1,"3":1,"4":1,"5":1,"6":0,"7":1,"8":0,"9":1,"10":0,"11":1,"12":0,"13":1,"14":0},"f":{"0":0,"1":0,"2":0,"3":0,"4":0},"b":{}}
,"/Volumes/SSDE/Koscrypt/w-technical-test/backend/src/transactions/dto/create-transaction.dto.ts": {"path":"/Volumes/SSDE/Koscrypt/w-technical-test/backend/src/transactions/dto/create-transaction.dto.ts","statementMap":{"0":{"start":{"line":1,"column":0},"end":{"line":1,"column":null}},"1":{"start":{"line":12,"column":0},"end":{"line":12,"column":52}},"2":{"start":{"line":13,"column":0},"end":{"line":13,"column":46}},"3":{"start":{"line":14,"column":0},"end":{"line":14,"column":66}},"4":{"start":{"line":16,"column":0},"end":{"line":16,"column":13}},"5":{"start":{"line":27,"column":2},"end":{"line":27,"column":null}},"6":{"start":{"line":26,"column":28},"end":{"line":26,"column":41}},"7":{"start":{"line":41,"column":2},"end":{"line":41,"column":null}},"8":{"start":{"line":40,"column":14},"end":{"line":40,"column":35}},"9":{"start":{"line":50,"column":2},"end":{"line":50,"column":null}},"10":{"start":{"line":49,"column":28},"end":{"line":49,"column":41}},"11":{"start":{"line":59,"column":2},"end":{"line":59,"column":null}},"12":{"start":{"line":58,"column":28},"end":{"line":58,"column":41}},"13":{"start":{"line":69,"column":2},"end":{"line":69,"column":null}}},"fnMap":{"0":{"name":"(anonymous_2)","decl":{"start":{"line":26,"column":13},"end":{"line":26,"column":14}},"loc":{"start":{"line":26,"column":28},"end":{"line":26,"column":41}}},"1":{"name":"(anonymous_3)","decl":{"start":{"line":40,"column":8},"end":{"line":40,"column":11}},"loc":{"start":{"line":40,"column":14},"end":{"line":40,"column":35}}},"2":{"name":"(anonymous_4)","decl":{"start":{"line":49,"column":13},"end":{"line":49,"column":14}},"loc":{"start":{"line":49,"column":28},"end":{"line":49,"column":41}}},"3":{"name":"(anonymous_5)","decl":{"start":{"line":58,"column":13},"end":{"line":58,"column":14}},"loc":{"start":{"line":58,"column":28},"end":{"line":58,"column":41}}}},"branchMap":{},"s":{"0":1,"1":1,"2":1,"3":1,"4":1,"5":1,"6":0,"7":1,"8":0,"9":1,"10":0,"11":1,"12":0,"13":1},"f":{"0":0,"1":0,"2":0,"3":0},"b":{}}
,"/Volumes/SSDE/Koscrypt/w-technical-test/backend/src/transactions/dto/transaction-product.dto.ts": {"path":"/Volumes/SSDE/Koscrypt/w-technical-test/backend/src/transactions/dto/transaction-product.dto.ts","statementMap":{"0":{"start":{"line":1,"column":0},"end":{"line":1,"column":45}},"1":{"start":{"line":2,"column":0},"end":{"line":2,"column":46}},"2":{"start":{"line":4,"column":0},"end":{"line":4,"column":13}},"3":{"start":{"line":12,"column":2},"end":{"line":12,"column":null}},"4":{"start":{"line":22,"column":2},"end":{"line":22,"column":null}}},"fnMap":{},"branchMap":{},"s":{"0":1,"1":1,"2":1,"3":1,"4":1},"f":{},"b":{}}
,"/Volumes/SSDE/Koscrypt/w-technical-test/backend/src/transactions/validators/card.validator.ts": {"path":"/Volumes/SSDE/Koscrypt/w-technical-test/backend/src/transactions/validators/card.validator.ts","statementMap":{"0":{"start":{"line":8,"column":0},"end":{"line":8,"column":16}},"1":{"start":{"line":30,"column":0},"end":{"line":30,"column":16}},"2":{"start":{"line":56,"column":0},"end":{"line":56,"column":16}},"3":{"start":{"line":76,"column":0},"end":{"line":76,"column":16}},"4":{"start":{"line":98,"column":0},"end":{"line":98,"column":16}},"5":{"start":{"line":124,"column":0},"end":{"line":124,"column":16}},"6":{"start":{"line":1,"column":0},"end":{"line":1,"column":null}},"7":{"start":{"line":6,"column":0},"end":{"line":6,"column":48}},"8":{"start":{"line":9,"column":2},"end":{"line":27,"column":4}},"9":{"start":{"line":10,"column":4},"end":{"line":26,"column":7}},"10":{"start":{"line":17,"column":10},"end":{"line":17,"column":54}},"11":{"start":{"line":17,"column":41},"end":{"line":17,"column":54}},"12":{"start":{"line":18,"column":29},"end":{"line":18,"column":56}},"13":{"start":{"line":19,"column":29},"end":{"line":19,"column":61}},"14":{"start":{"line":20,"column":10},"end":{"line":20,"column":36}},"15":{"start":{"line":23,"column":10},"end":{"line":23,"column":46}},"16":{"start":{"line":31,"column":2},"end":{"line":53,"column":4}},"17":{"start":{"line":32,"column":4},"end":{"line":52,"column":7}},"18":{"start":{"line":39,"column":10},"end":{"line":39,"column":54}},"19":{"start":{"line":39,"column":41},"end":{"line":39,"column":54}},"20":{"start":{"line":41,"column":29},"end":{"line":41,"column":56}},"21":{"start":{"line":42,"column":29},"end":{"line":42,"column":61}},"22":{"start":{"line":44,"column":10},"end":{"line":44,"column":48}},"23":{"start":{"line":44,"column":35},"end":{"line":44,"column":48}},"24":{"start":{"line":45,"column":27},"end":{"line":45,"column":48}},"25":{"start":{"line":46,"column":10},"end":{"line":46,"column":66}},"26":{"start":{"line":49,"column":10},"end":{"line":49,"column":62}},"27":{"start":{"line":57,"column":2},"end":{"line":73,"column":4}},"28":{"start":{"line":58,"column":4},"end":{"line":72,"column":7}},"29":{"start":{"line":65,"column":10},"end":{"line":65,"column":54}},"30":{"start":{"line":65,"column":41},"end":{"line":65,"column":54}},"31":{"start":{"line":66,"column":10},"end":{"line":66,"column":41}},"32":{"start":{"line":69,"column":10},"end":{"line":69,"column":48}},"33":{"start":{"line":77,"column":2},"end":{"line":95,"column":4}},"34":{"start":{"line":78,"column":4},"end":{"line":94,"column":7}},"35":{"start":{"line":85,"column":10},"end":{"line":85,"column":54}},"36":{"start":{"line":85,"column":41},"end":{"line":85,"column":54}},"37":{"start":{"line":87,"column":24},"end":{"line":87,"column":43}},"38":{"start":{"line":88,"column":10},"end":{"line":88,"column":43}},"39":{"start":{"line":91,"column":10},"end":{"line":91,"column":73}},"40":{"start":{"line":99,"column":2},"end":{"line":121,"column":4}},"41":{"start":{"line":100,"column":4},"end":{"line":120,"column":7}},"42":{"start":{"line":107,"column":10},"end":{"line":107,"column":54}},"43":{"start":{"line":107,"column":41},"end":{"line":107,"column":54}},"44":{"start":{"line":109,"column":10},"end":{"line":109,"column":51}},"45":{"start":{"line":109,"column":38},"end":{"line":109,"column":51}},"46":{"start":{"line":111,"column":23},"end":{"line":111,"column":42}},"47":{"start":{"line":112,"column":30},"end":{"line":112,"column":60}},"48":{"start":{"line":114,"column":10},"end":{"line":114,"column":37}},"49":{"start":{"line":117,"column":10},"end":{"line":117,"column":86}},"50":{"start":{"line":125,"column":2},"end":{"line":151,"column":4}},"51":{"start":{"line":126,"column":4},"end":{"line":150,"column":7}},"52":{"start":{"line":133,"column":22},"end":{"line":133,"column":40}},"53":{"start":{"line":134,"column":24},"end":{"line":134,"column":51}},"54":{"start":{"line":135,"column":23},"end":{"line":135,"column":56}},"55":{"start":{"line":137,"column":30},"end":{"line":137,"column":40}},"56":{"start":{"line":138,"column":30},"end":{"line":138,"column":55}},"57":{"start":{"line":139,"column":31},"end":{"line":139,"column":57}},"58":{"start":{"line":141,"column":10},"end":{"line":141,"column":47}},"59":{"start":{"line":141,"column":34},"end":{"line":141,"column":47}},"60":{"start":{"line":142,"column":10},"end":{"line":142,"column":73}},"61":{"start":{"line":142,"column":60},"end":{"line":142,"column":73}},"62":{"start":{"line":144,"column":10},"end":{"line":144,"column":22}},"63":{"start":{"line":147,"column":10},"end":{"line":147,"column":43}}},"fnMap":{"0":{"name":"IsCreditCard","decl":{"start":{"line":8,"column":16},"end":{"line":8,"column":28}},"loc":{"start":{"line":8,"column":66},"end":{"line":28,"column":1}}},"1":{"name":"(anonymous_10)","decl":{"start":{"line":9,"column":9},"end":{"line":9,"column":19}},"loc":{"start":{"line":9,"column":55},"end":{"line":27,"column":3}}},"2":{"name":"(anonymous_11)","decl":{"start":{"line":16,"column":8},"end":{"line":16,"column":16}},"loc":{"start":{"line":16,"column":27},"end":{"line":21,"column":9}}},"3":{"name":"(anonymous_12)","decl":{"start":{"line":22,"column":8},"end":{"line":22,"column":22}},"loc":{"start":{"line":22,"column":22},"end":{"line":24,"column":9}}},"4":{"name":"IsVisaOrMastercard","decl":{"start":{"line":30,"column":16},"end":{"line":30,"column":34}},"loc":{"start":{"line":30,"column":72},"end":{"line":54,"column":1}}},"5":{"name":"(anonymous_14)","decl":{"start":{"line":31,"column":9},"end":{"line":31,"column":19}},"loc":{"start":{"line":31,"column":55},"end":{"line":53,"column":3}}},"6":{"name":"(anonymous_15)","decl":{"start":{"line":38,"column":8},"end":{"line":38,"column":16}},"loc":{"start":{"line":38,"column":27},"end":{"line":47,"column":9}}},"7":{"name":"(anonymous_16)","decl":{"start":{"line":48,"column":8},"end":{"line":48,"column":22}},"loc":{"start":{"line":48,"column":22},"end":{"line":50,"column":9}}},"8":{"name":"IsCVV","decl":{"start":{"line":56,"column":16},"end":{"line":56,"column":21}},"loc":{"start":{"line":56,"column":59},"end":{"line":74,"column":1}}},"9":{"name":"(anonymous_18)","decl":{"start":{"line":57,"column":9},"end":{"line":57,"column":19}},"loc":{"start":{"line":57,"column":55},"end":{"line":73,"column":3}}},"10":{"name":"(anonymous_19)","decl":{"start":{"line":64,"column":8},"end":{"line":64,"column":16}},"loc":{"start":{"line":64,"column":27},"end":{"line":67,"column":9}}},"11":{"name":"(anonymous_20)","decl":{"start":{"line":68,"column":8},"end":{"line":68,"column":22}},"loc":{"start":{"line":68,"column":22},"end":{"line":70,"column":9}}},"12":{"name":"IsValidExpMonth","decl":{"start":{"line":76,"column":16},"end":{"line":76,"column":31}},"loc":{"start":{"line":76,"column":69},"end":{"line":96,"column":1}}},"13":{"name":"(anonymous_22)","decl":{"start":{"line":77,"column":9},"end":{"line":77,"column":19}},"loc":{"start":{"line":77,"column":55},"end":{"line":95,"column":3}}},"14":{"name":"(anonymous_23)","decl":{"start":{"line":84,"column":8},"end":{"line":84,"column":16}},"loc":{"start":{"line":84,"column":27},"end":{"line":89,"column":9}}},"15":{"name":"(anonymous_24)","decl":{"start":{"line":90,"column":8},"end":{"line":90,"column":22}},"loc":{"start":{"line":90,"column":22},"end":{"line":92,"column":9}}},"16":{"name":"IsValidExpYear","decl":{"start":{"line":98,"column":16},"end":{"line":98,"column":30}},"loc":{"start":{"line":98,"column":68},"end":{"line":122,"column":1}}},"17":{"name":"(anonymous_26)","decl":{"start":{"line":99,"column":9},"end":{"line":99,"column":19}},"loc":{"start":{"line":99,"column":55},"end":{"line":121,"column":3}}},"18":{"name":"(anonymous_27)","decl":{"start":{"line":106,"column":8},"end":{"line":106,"column":16}},"loc":{"start":{"line":106,"column":27},"end":{"line":115,"column":9}}},"19":{"name":"(anonymous_28)","decl":{"start":{"line":116,"column":8},"end":{"line":116,"column":22}},"loc":{"start":{"line":116,"column":22},"end":{"line":118,"column":9}}},"20":{"name":"IsNotExpired","decl":{"start":{"line":124,"column":16},"end":{"line":124,"column":28}},"loc":{"start":{"line":124,"column":66},"end":{"line":152,"column":1}}},"21":{"name":"(anonymous_30)","decl":{"start":{"line":125,"column":9},"end":{"line":125,"column":19}},"loc":{"start":{"line":125,"column":55},"end":{"line":151,"column":3}}},"22":{"name":"(anonymous_31)","decl":{"start":{"line":132,"column":8},"end":{"line":132,"column":16}},"loc":{"start":{"line":132,"column":54},"end":{"line":145,"column":9}}},"23":{"name":"(anonymous_32)","decl":{"start":{"line":146,"column":8},"end":{"line":146,"column":22}},"loc":{"start":{"line":146,"column":22},"end":{"line":148,"column":9}}}},"branchMap":{"0":{"loc":{"start":{"line":17,"column":10},"end":{"line":17,"column":54}},"type":"if","locations":[{"start":{"line":17,"column":10},"end":{"line":17,"column":54}},{"start":{},"end":{}}]},"1":{"loc":{"start":{"line":39,"column":10},"end":{"line":39,"column":54}},"type":"if","locations":[{"start":{"line":39,"column":10},"end":{"line":39,"column":54}},{"start":{},"end":{}}]},"2":{"loc":{"start":{"line":44,"column":10},"end":{"line":44,"column":48}},"type":"if","locations":[{"start":{"line":44,"column":10},"end":{"line":44,"column":48}},{"start":{},"end":{}}]},"3":{"loc":{"start":{"line":46,"column":17},"end":{"line":46,"column":65}},"type":"binary-expr","locations":[{"start":{"line":46,"column":17},"end":{"line":46,"column":36}},{"start":{"line":46,"column":40},"end":{"line":46,"column":65}}]},"4":{"loc":{"start":{"line":65,"column":10},"end":{"line":65,"column":54}},"type":"if","locations":[{"start":{"line":65,"column":10},"end":{"line":65,"column":54}},{"start":{},"end":{}}]},"5":{"loc":{"start":{"line":85,"column":10},"end":{"line":85,"column":54}},"type":"if","locations":[{"start":{"line":85,"column":10},"end":{"line":85,"column":54}},{"start":{},"end":{}}]},"6":{"loc":{"start":{"line":88,"column":17},"end":{"line":88,"column":42}},"type":"binary-expr","locations":[{"start":{"line":88,"column":17},"end":{"line":88,"column":27}},{"start":{"line":88,"column":31},"end":{"line":88,"column":42}}]},"7":{"loc":{"start":{"line":107,"column":10},"end":{"line":107,"column":54}},"type":"if","locations":[{"start":{"line":107,"column":10},"end":{"line":107,"column":54}},{"start":{},"end":{}}]},"8":{"loc":{"start":{"line":109,"column":10},"end":{"line":109,"column":51}},"type":"if","locations":[{"start":{"line":109,"column":10},"end":{"line":109,"column":51}},{"start":{},"end":{}}]},"9":{"loc":{"start":{"line":141,"column":10},"end":{"line":141,"column":47}},"type":"if","locations":[{"start":{"line":141,"column":10},"end":{"line":141,"column":47}},{"start":{},"end":{}}]},"10":{"loc":{"start":{"line":142,"column":10},"end":{"line":142,"column":73}},"type":"if","locations":[{"start":{"line":142,"column":10},"end":{"line":142,"column":73}},{"start":{},"end":{}}]},"11":{"loc":{"start":{"line":142,"column":14},"end":{"line":142,"column":58}},"type":"binary-expr","locations":[{"start":{"line":142,"column":14},"end":{"line":142,"column":34}},{"start":{"line":142,"column":38},"end":{"line":142,"column":58}}]}},"s":{"0":2,"1":2,"2":2,"3":2,"4":2,"5":2,"6":2,"7":2,"8":2,"9":2,"10":13,"11":3,"12":10,"13":10,"14":10,"15":7,"16":2,"17":2,"18":10,"19":1,"20":9,"21":9,"22":9,"23":1,"24":8,"25":8,"26":5,"27":2,"28":2,"29":11,"30":1,"31":10,"32":7,"33":3,"34":3,"35":20,"36":1,"37":19,"38":19,"39":8,"40":3,"41":3,"42":20,"43":1,"44":19,"45":5,"46":14,"47":14,"48":14,"49":10,"50":2,"51":2,"52":9,"53":9,"54":9,"55":9,"56":9,"57":9,"58":9,"59":3,"60":6,"61":1,"62":5,"63":4},"f":{"0":2,"1":2,"2":13,"3":7,"4":2,"5":2,"6":10,"7":5,"8":2,"9":2,"10":11,"11":7,"12":3,"13":3,"14":20,"15":8,"16":3,"17":3,"18":20,"19":10,"20":2,"21":2,"22":9,"23":4},"b":{"0":[3,10],"1":[1,9],"2":[1,8],"3":[8,5],"4":[1,10],"5":[1,19],"6":[19,14],"7":[1,19],"8":[5,14],"9":[3,6],"10":[1,5],"11":[6,3]}}
}
