TN:
SF:src/app.controller.ts
FN:6,(anonymous_2)
FN:9,(anonymous_3)
FNF:2
FNH:2
FNDA:1,(anonymous_2)
FNDA:1,(anonymous_3)
DA:1,1
DA:2,1
DA:5,1
DA:6,1
DA:9,1
DA:10,1
LF:6
LH:6
BRDA:6,0,0,1
BRDA:6,0,1,0
BRDA:6,1,0,1
BRDA:6,1,1,1
BRF:4
BRH:3
end_of_record
TN:
SF:src/app.module.ts
FNF:0
FNH:0
DA:1,0
DA:2,0
DA:3,0
DA:4,0
DA:5,0
DA:6,0
DA:7,0
DA:8,0
DA:9,0
DA:10,0
DA:35,0
LF:11
LH:0
BRDA:19,0,0,0
BRDA:19,0,1,0
BRDA:20,1,0,0
BRDA:20,1,1,0
BRDA:21,2,0,0
BRDA:21,2,1,0
BRDA:22,3,0,0
BRDA:22,3,1,0
BRDA:23,4,0,0
BRDA:23,4,1,0
BRF:10
BRH:0
end_of_record
TN:
SF:src/app.service.ts
FN:5,(anonymous_1)
FNF:1
FNH:1
FNDA:1,(anonymous_1)
DA:1,1
DA:4,1
DA:6,1
LF:3
LH:3
BRF:0
BRH:0
end_of_record
TN:
SF:src/main.ts
FN:6,bootstrap
FNF:1
FNH:0
FNDA:0,bootstrap
DA:1,0
DA:2,0
DA:3,0
DA:4,0
DA:7,0
DA:9,0
DA:19,0
DA:48,0
DA:50,0
DA:61,0
DA:62,0
DA:63,0
DA:65,0
LF:13
LH:0
BRDA:61,0,0,0
BRDA:61,0,1,0
BRF:2
BRH:0
end_of_record
TN:
SF:src/products/product.controller.ts
FN:27,(anonymous_4)
FN:39,(anonymous_5)
FN:69,(anonymous_6)
FN:93,(anonymous_7)
FNF:4
FNH:4
FNDA:16,(anonymous_4)
FNDA:3,(anonymous_5)
FNDA:3,(anonymous_6)
FNDA:4,(anonymous_7)
DA:1,1
DA:12,1
DA:19,1
DA:20,1
DA:21,1
DA:22,1
DA:26,1
DA:27,16
DA:39,1
DA:40,3
DA:69,1
DA:70,3
DA:93,1
DA:97,4
LF:14
LH:14
BRDA:39,0,0,1
BRDA:39,0,1,0
BRDA:39,1,0,1
BRDA:39,1,1,1
BRDA:69,2,0,1
BRDA:69,2,1,0
BRDA:69,3,0,1
BRDA:69,3,1,1
BRDA:69,4,0,1
BRDA:69,4,1,0
BRDA:69,5,0,1
BRDA:69,5,1,1
BRDA:95,6,0,1
BRDA:95,6,1,0
BRDA:95,7,0,1
BRDA:95,7,1,1
BRDA:27,8,0,1
BRDA:27,8,1,0
BRDA:27,9,0,1
BRDA:27,9,1,1
BRF:20
BRH:15
end_of_record
TN:
SF:src/products/product.model.ts
FN:66,(anonymous_2)
FN:66,(anonymous_3)
FNF:2
FNH:0
FNDA:0,(anonymous_2)
FNDA:0,(anonymous_3)
DA:1,2
DA:8,2
DA:9,2
DA:10,2
DA:16,2
DA:23,2
DA:30,2
DA:40,2
DA:50,2
DA:57,2
DA:64,2
DA:66,0
DA:67,2
LF:13
LH:12
BRF:0
BRH:0
end_of_record
TN:
SF:src/products/product.module.ts
FNF:0
FNH:0
DA:1,1
DA:2,1
DA:3,1
DA:4,1
DA:5,1
DA:13,1
LF:6
LH:6
BRF:0
BRH:0
end_of_record
TN:
SF:src/products/product.service.ts
FN:7,(anonymous_4)
FN:12,(anonymous_5)
FN:16,(anonymous_6)
FN:20,(anonymous_7)
FNF:4
FNH:4
FNDA:13,(anonymous_4)
FNDA:2,(anonymous_5)
FNDA:2,(anonymous_6)
FNDA:3,(anonymous_7)
DA:1,1
DA:2,1
DA:3,1
DA:6,1
DA:9,13
DA:13,2
DA:17,2
DA:24,3
LF:8
LH:8
BRF:0
BRH:0
end_of_record
TN:
SF:src/products/dto/create-product.dto.ts
FN:21,(anonymous_2)
FN:33,(anonymous_3)
FN:45,(anonymous_4)
FNF:3
FNH:0
FNDA:0,(anonymous_2)
FNDA:0,(anonymous_3)
FNDA:0,(anonymous_4)
DA:1,1
DA:9,1
DA:10,1
DA:12,1
DA:21,0
DA:22,1
DA:33,0
DA:34,1
DA:45,0
DA:46,1
DA:56,1
DA:66,1
LF:12
LH:9
BRF:0
BRH:0
end_of_record
TN:
SF:src/products/dto/update-product.dto.ts
FNF:0
FNH:0
DA:1,1
DA:2,1
DA:4,1
LF:3
LH:3
BRF:0
BRH:0
end_of_record
TN:
SF:src/transactions/payment.service.ts
FN:12,(anonymous_3)
FN:14,(anonymous_4)
FN:27,(anonymous_5)
FN:30,(anonymous_6)
FN:39,(anonymous_7)
FN:49,(anonymous_8)
FN:79,(anonymous_9)
FN:83,(anonymous_10)
FN:95,(anonymous_11)
FNF:9
FNH:9
FNDA:6,(anonymous_3)
FNDA:2,(anonymous_4)
FNDA:1,(anonymous_5)
FNDA:1,(anonymous_6)
FNDA:1,(anonymous_7)
FNDA:1,(anonymous_8)
FNDA:1,(anonymous_9)
FNDA:1,(anonymous_10)
FNDA:1,(anonymous_11)
DA:1,2
DA:3,2
DA:4,2
DA:5,2
DA:8,2
DA:11,2
DA:12,6
DA:15,2
DA:16,2
DA:18,2
DA:23,2
DA:27,1
DA:33,1
DA:34,1
DA:36,1
DA:39,1
DA:42,1
DA:46,1
DA:50,1
DA:51,1
DA:52,1
DA:55,1
DA:57,1
DA:58,1
DA:59,1
DA:63,1
DA:76,1
DA:79,1
DA:84,1
DA:85,1
DA:87,1
DA:92,1
DA:95,1
LF:33
LH:33
BRDA:12,0,0,2
BRDA:12,0,1,0
BRDA:12,1,0,2
BRDA:12,1,1,2
BRF:4
BRH:3
end_of_record
TN:
SF:src/transactions/transaction-product.model.ts
FN:16,(anonymous_2)
FN:23,(anonymous_3)
FNF:2
FNH:0
FNDA:0,(anonymous_2)
FNDA:0,(anonymous_3)
DA:1,2
DA:8,2
DA:9,2
DA:15,2
DA:16,0
DA:21,2
DA:23,0
DA:28,2
DA:34,2
LF:9
LH:7
BRF:0
BRH:0
end_of_record
TN:
SF:src/transactions/transaction.controller.ts
FN:30,(anonymous_4)
FN:46,(anonymous_5)
FN:73,(anonymous_6)
FN:98,(anonymous_7)
FN:152,(anonymous_8)
FN:180,(anonymous_9)
FN:259,(anonymous_10)
FNF:7
FNH:7
FNDA:13,(anonymous_4)
FNDA:2,(anonymous_5)
FNDA:2,(anonymous_6)
FNDA:2,(anonymous_7)
FNDA:2,(anonymous_8)
FNDA:2,(anonymous_9)
FNDA:2,(anonymous_10)
DA:1,1
DA:12,1
DA:19,1
DA:20,1
DA:21,1
DA:22,1
DA:23,1
DA:25,1
DA:29,1
DA:31,13
DA:32,13
DA:46,1
DA:47,2
DA:73,1
DA:76,2
DA:98,1
DA:99,2
DA:152,1
DA:155,2
DA:180,1
DA:181,2
DA:259,1
DA:262,2
LF:23
LH:23
BRDA:46,0,0,1
BRDA:46,0,1,0
BRDA:46,1,0,1
BRDA:46,1,1,1
BRDA:73,2,0,1
BRDA:73,2,1,0
BRDA:73,3,0,1
BRDA:73,3,1,1
BRDA:98,4,0,1
BRDA:98,4,1,0
BRDA:98,5,0,1
BRDA:98,5,1,1
BRDA:153,6,0,1
BRDA:153,6,1,0
BRDA:153,7,0,1
BRDA:153,7,1,1
BRDA:154,8,0,1
BRDA:154,8,1,0
BRDA:154,9,0,1
BRDA:154,9,1,1
BRDA:260,10,0,1
BRDA:260,10,1,0
BRDA:260,11,0,1
BRDA:260,11,1,1
BRDA:261,12,0,1
BRDA:261,12,1,0
BRDA:261,13,0,1
BRDA:261,13,1,1
BRDA:31,14,0,1
BRDA:31,14,1,0
BRDA:31,15,0,1
BRDA:31,15,1,1
BRDA:31,16,0,1
BRDA:31,16,1,0
BRDA:31,17,0,1
BRDA:31,17,1,1
BRF:36
BRH:27
end_of_record
TN:
SF:src/transactions/transaction.model.ts
FN:99,(anonymous_2)
FN:99,(anonymous_3)
FNF:2
FNH:0
FNDA:0,(anonymous_2)
FNDA:0,(anonymous_3)
DA:1,2
DA:8,2
DA:9,2
DA:10,2
DA:11,2
DA:17,2
DA:27,2
DA:57,2
DA:67,2
DA:77,2
DA:87,2
DA:97,2
DA:99,0
DA:100,2
LF:14
LH:13
BRDA:67,0,0,2
BRDA:67,0,1,0
BRDA:67,1,0,2
BRDA:67,1,1,2
BRF:4
BRH:3
end_of_record
TN:
SF:src/transactions/transaction.module.ts
FNF:0
FNH:0
DA:1,0
DA:2,0
DA:3,0
DA:4,0
DA:5,0
DA:6,0
DA:7,0
DA:8,0
DA:9,0
DA:20,0
LF:10
LH:0
BRF:0
BRH:0
end_of_record
TN:
SF:src/transactions/transaction.service.ts
FN:12,(anonymous_4)
FN:22,(anonymous_5)
FN:33,(anonymous_6)
FN:51,(anonymous_7)
FN:112,(anonymous_8)
FNF:5
FNH:5
FNDA:13,(anonymous_4)
FNDA:2,(anonymous_5)
FNDA:2,(anonymous_6)
FNDA:4,(anonymous_7)
FNDA:4,(anonymous_8)
DA:1,1
DA:2,1
DA:3,1
DA:4,1
DA:5,1
DA:7,1
DA:8,1
DA:11,1
DA:14,13
DA:16,13
DA:18,13
DA:19,13
DA:23,2
DA:34,2
DA:42,2
DA:43,1
DA:48,1
DA:54,4
DA:58,4
DA:60,4
DA:61,6
DA:62,6
DA:63,1
DA:68,5
DA:69,1
DA:75,4
DA:76,4
DA:78,4
DA:83,2
DA:88,2
DA:89,4
DA:94,2
DA:96,2
DA:101,2
DA:109,2
DA:113,4
DA:122,4
DA:125,4
DA:126,1
DA:129,3
DA:130,4
DA:131,4
DA:132,1
DA:137,3
DA:143,2
DA:148,2
LF:46
LH:46
BRDA:42,0,0,1
BRDA:42,0,1,1
BRDA:62,1,0,1
BRDA:62,1,1,5
BRDA:68,2,0,1
BRDA:68,2,1,4
BRDA:125,3,0,1
BRDA:125,3,1,3
BRDA:131,4,0,1
BRDA:131,4,1,3
BRDA:19,5,0,1
BRDA:19,5,1,0
BRDA:19,6,0,1
BRDA:19,6,1,1
BRF:14
BRH:13
end_of_record
TN:
SF:src/transactions/dto/card-tokenization.dto.ts
FN:28,(anonymous_2)
FN:42,(anonymous_3)
FN:56,(anonymous_4)
FN:74,(anonymous_5)
FN:86,(anonymous_6)
FNF:5
FNH:0
FNDA:0,(anonymous_2)
FNDA:0,(anonymous_3)
FNDA:0,(anonymous_4)
FNDA:0,(anonymous_5)
FNDA:0,(anonymous_6)
DA:1,1
DA:8,1
DA:9,1
DA:10,1
DA:19,1
DA:28,0
DA:31,1
DA:42,0
DA:43,1
DA:56,0
DA:57,1
DA:74,0
DA:75,1
DA:86,0
DA:87,1
LF:15
LH:10
BRF:0
BRH:0
end_of_record
TN:
SF:src/transactions/dto/create-transaction.dto.ts
FN:26,(anonymous_2)
FN:40,(anonymous_3)
FN:49,(anonymous_4)
FN:58,(anonymous_5)
FNF:4
FNH:0
FNDA:0,(anonymous_2)
FNDA:0,(anonymous_3)
FNDA:0,(anonymous_4)
FNDA:0,(anonymous_5)
DA:1,1
DA:12,1
DA:13,1
DA:14,1
DA:16,1
DA:26,0
DA:27,1
DA:40,0
DA:41,1
DA:49,0
DA:50,1
DA:58,0
DA:59,1
DA:69,1
LF:14
LH:10
BRF:0
BRH:0
end_of_record
TN:
SF:src/transactions/dto/transaction-product.dto.ts
FNF:0
FNH:0
DA:1,1
DA:2,1
DA:4,1
DA:12,1
DA:22,1
LF:5
LH:5
BRF:0
BRH:0
end_of_record
TN:
SF:src/transactions/validators/card.validator.ts
FN:8,IsCreditCard
FN:9,(anonymous_10)
FN:16,(anonymous_11)
FN:22,(anonymous_12)
FN:30,IsVisaOrMastercard
FN:31,(anonymous_14)
FN:38,(anonymous_15)
FN:48,(anonymous_16)
FN:56,IsCVV
FN:57,(anonymous_18)
FN:64,(anonymous_19)
FN:68,(anonymous_20)
FN:76,IsValidExpMonth
FN:77,(anonymous_22)
FN:84,(anonymous_23)
FN:90,(anonymous_24)
FN:98,IsValidExpYear
FN:99,(anonymous_26)
FN:106,(anonymous_27)
FN:116,(anonymous_28)
FN:124,IsNotExpired
FN:125,(anonymous_30)
FN:132,(anonymous_31)
FN:146,(anonymous_32)
FNF:24
FNH:24
FNDA:2,IsCreditCard
FNDA:2,(anonymous_10)
FNDA:13,(anonymous_11)
FNDA:7,(anonymous_12)
FNDA:2,IsVisaOrMastercard
FNDA:2,(anonymous_14)
FNDA:10,(anonymous_15)
FNDA:5,(anonymous_16)
FNDA:2,IsCVV
FNDA:2,(anonymous_18)
FNDA:11,(anonymous_19)
FNDA:7,(anonymous_20)
FNDA:3,IsValidExpMonth
FNDA:3,(anonymous_22)
FNDA:20,(anonymous_23)
FNDA:8,(anonymous_24)
FNDA:3,IsValidExpYear
FNDA:3,(anonymous_26)
FNDA:20,(anonymous_27)
FNDA:10,(anonymous_28)
FNDA:2,IsNotExpired
FNDA:2,(anonymous_30)
FNDA:9,(anonymous_31)
FNDA:4,(anonymous_32)
DA:1,2
DA:6,2
DA:8,2
DA:9,2
DA:10,2
DA:17,13
DA:18,10
DA:19,10
DA:20,10
DA:23,7
DA:30,2
DA:31,2
DA:32,2
DA:39,10
DA:41,9
DA:42,9
DA:44,9
DA:45,8
DA:46,8
DA:49,5
DA:56,2
DA:57,2
DA:58,2
DA:65,11
DA:66,10
DA:69,7
DA:76,2
DA:77,3
DA:78,3
DA:85,20
DA:87,19
DA:88,19
DA:91,8
DA:98,2
DA:99,3
DA:100,3
DA:107,20
DA:109,19
DA:111,14
DA:112,14
DA:114,14
DA:117,10
DA:124,2
DA:125,2
DA:126,2
DA:133,9
DA:134,9
DA:135,9
DA:137,9
DA:138,9
DA:139,9
DA:141,9
DA:142,6
DA:144,5
DA:147,4
LF:55
LH:55
BRDA:17,0,0,3
BRDA:17,0,1,10
BRDA:39,1,0,1
BRDA:39,1,1,9
BRDA:44,2,0,1
BRDA:44,2,1,8
BRDA:46,3,0,8
BRDA:46,3,1,5
BRDA:65,4,0,1
BRDA:65,4,1,10
BRDA:85,5,0,1
BRDA:85,5,1,19
BRDA:88,6,0,19
BRDA:88,6,1,14
BRDA:107,7,0,1
BRDA:107,7,1,19
BRDA:109,8,0,5
BRDA:109,8,1,14
BRDA:141,9,0,3
BRDA:141,9,1,6
BRDA:142,10,0,1
BRDA:142,10,1,5
BRDA:142,11,0,6
BRDA:142,11,1,3
BRF:24
BRH:24
end_of_record
